<?xml version="1.0" encoding="UTF-8" standalone="yes" ?>
<test-results name="C:\projects.git\accKatas\Ryan_Potts\RPGCombat\Win32\Debug\RPGCombatTests.exe" total="8" errors="0" failures="0" ignored="0" inconclusive="0" not-run="0" skipped="0" invalid="0" date="2017-09-11" time="0.001">
  <culture-info current-culture="en" current-uiculture="en" />
  <test-suite type="Assembly" name="RPGCombatTests.exe" executed="true" result="Success" success="True" time="0.001" asserts="0">
    <results>
        <test-suite type="Namespace" name="uRPGCombatTests" executed="true" result="Success" success="True" time="0.001" asserts="0" >
          <results>
              <test-suite type="Fixture" name="TRPGCombatTests" executed="True" result="Success" success="True" time="0.001" >
                <results>
                  <test-case name="NewCharacterHasCorrectInitialState" executed="True" result="Success" success="True" time="0.000" asserts="0" />
                  <test-case name="CharacterCanReceiveDamage" executed="True" result="Success" success="True" time="0.000" asserts="0" />
                  <test-case name="DamageExceedsHealthCharacterDies" executed="True" result="Success" success="True" time="0.000" asserts="0" />
                  <test-case name="HealInjuredCharacter" executed="True" result="Success" success="True" time="0.000" asserts="0" />
                  <test-case name="OnlyHealLivingCharacters" executed="True" result="Success" success="True" time="0.000" asserts="0" />
                  <test-case name="CannotOverheal" executed="True" result="Success" success="True" time="0.000" asserts="0" />
                  <test-case name="DoubleDamageBecauseAttackerFiveLevelsAbove" executed="True" result="Success" success="True" time="0.000" asserts="0" />
                  <test-case name="HalveDamageBecauseAttackerFiveLevelsBelow" executed="True" result="Success" success="True" time="0.000" asserts="0" />
                </results>
              </test-suite>
          </results>
        </test-suite>
    </results>
  </test-suite>
</test-results>
